2017-05-25 15:55:17,388 - Mock Version: 1.3.4
2017-05-25 15:55:17,511 - Finish: chroot init
2017-05-25 15:55:17,514 - Start: chroot ['rpm --eval "%{_libdir}"']
2017-05-25 15:55:17,538 - Finish: chroot ['rpm --eval "%{_libdir}"']
2017-05-25 15:55:17,540 - Finish: run
2017-05-25 15:55:17,998 - Mock Version: 1.3.4
2017-05-25 15:55:18,120 - Finish: chroot init
2017-05-25 15:55:18,123 - Start: chroot ['rm -rf $(rpm --eval %_builddir)/*']
2017-05-25 15:55:18,159 - Finish: chroot ['rm -rf $(rpm --eval %_builddir)/*']
2017-05-25 15:55:18,161 - Finish: run
2017-05-25 15:55:18,632 - Mock Version: 1.3.4
2017-05-25 15:55:19,083 - Finish: chroot init
2017-05-25 15:55:19,086 - Start: build phase for python-exabgp-4.0.0-1.fc25.src.rpm
2017-05-25 15:55:19,090 - Start: build setup for python-exabgp-4.0.0-1.fc25.src.rpm
2017-05-25 15:55:23,618 - Finish: build setup for python-exabgp-4.0.0-1.fc25.src.rpm
2017-05-25 15:55:23,618 - Start: rpmbuild python-exabgp-4.0.0-1.fc25.src.rpm
2017-05-25 15:55:42,645 - Finish: rpmbuild python-exabgp-4.0.0-1.fc25.src.rpm
2017-05-25 15:55:42,648 - Finish: build phase for python-exabgp-4.0.0-1.fc25.src.rpm
2017-05-25 15:55:42,649 - Finish: run
2017-05-25 15:55:43,148 - Mock Version: 1.3.4
2017-05-25 15:55:43,282 - Finish: chroot init
2017-05-25 15:55:43,285 - Start: chroot ['rpm --eval %_topdir']
2017-05-25 15:55:43,311 - Finish: chroot ['rpm --eval %_topdir']
2017-05-25 15:55:43,313 - Finish: run
2017-05-25 15:55:54,803 - Mock Version: 1.3.4
2017-05-25 15:55:54,939 - Finish: chroot init
2017-05-25 15:55:54,941 - Finish: run
2017-05-25 15:55:55,403 - Mock Version: 1.3.4
2017-05-25 15:55:55,538 - Finish: chroot init
2017-05-25 15:55:55,541 - Start: chroot ['rpm -q exabgp']
2017-05-25 15:55:55,569 - Finish: chroot ['rpm -q exabgp']
2017-05-25 15:55:56,072 - Mock Version: 1.3.4
2017-05-25 15:55:56,208 - Finish: chroot init
2017-05-25 15:55:56,212 - Start: chroot ['rpm -q python-exabgp']
2017-05-25 15:55:56,240 - Finish: chroot ['rpm -q python-exabgp']
2017-05-25 15:55:57,425 - Mock Version: 1.3.4
2017-05-25 15:55:57,556 - Finish: chroot init
2017-05-25 15:56:06,362 - Finish: run
2017-05-25 15:56:06,978 - Mock Version: 1.3.4
2017-05-25 15:56:07,108 - Finish: chroot init
2017-05-25 15:56:07,110 - Finish: run
2017-05-25 15:56:07,594 - Mock Version: 1.3.4
2017-05-25 15:56:07,712 - Finish: chroot init
2017-05-25 15:56:07,715 - Start: chroot ['rpm -q rpmlint']
2017-05-25 15:56:07,739 - Finish: chroot ['rpm -q rpmlint']
2017-05-25 15:56:08,894 - Mock Version: 1.3.4
2017-05-25 15:56:09,027 - Finish: chroot init
2017-05-25 15:56:17,479 - Finish: run
2017-05-25 15:57:43,081 - Mock Version: 1.3.4
2017-05-25 15:57:43,201 - Finish: chroot init
2017-05-25 15:57:43,204 - Start: chroot ['rm -rf $(rpm --eval %_builddir)/*']
2017-05-25 15:57:43,232 - Finish: chroot ['rm -rf $(rpm --eval %_builddir)/*']
2017-05-25 15:57:43,234 - Finish: run
2017-05-25 15:57:43,717 - Mock Version: 1.3.4
2017-05-25 15:57:43,826 - Finish: chroot init
2017-05-25 15:57:43,832 - Finish: run
2017-05-25 15:57:44,289 - Mock Version: 1.3.4
2017-05-25 15:57:44,413 - Finish: chroot init
2017-05-25 15:57:44,416 - Start: chroot ['rpm -i python-exabgp-4.0.0-1.fc25.src.rpm; rpmbuild --nodeps -bp $(rpm --eval %_specdir)/python-exabgp.spec;chmod -R  go+r  $(rpm --eval %_builddir)/* || :']
2017-05-25 15:57:44,560 - Finish: chroot ['rpm -i python-exabgp-4.0.0-1.fc25.src.rpm; rpmbuild --nodeps -bp $(rpm --eval %_specdir)/python-exabgp.spec;chmod -R  go+r  $(rpm --eval %_builddir)/* || :']
2017-05-25 15:57:44,566 - Finish: run
