INFO: mock.py version 1.3.4 starting (python version = 3.5.3)...
Start: init plugins
INFO: selinux enabled
Finish: init plugins
Start: run
INFO: Start(/home/luke/repos/ExaBGP-Packaging/1452649-python-exabgp/srpm/python-exabgp-4.0.0-1.fc25.src.rpm)  Config(fedora-25-x86_64)
Start: chroot init
INFO: calling preinit hooks
INFO: enabled root cache
INFO: enabled dnf cache
Start: cleaning dnf metadata
Finish: cleaning dnf metadata
INFO: enabled HW Info plugin
Mock Version: 1.3.4
INFO: Mock Version: 1.3.4
Finish: chroot init
Start: build phase for python-exabgp-4.0.0-1.fc25.src.rpm
Start: build setup for python-exabgp-4.0.0-1.fc25.src.rpm
Finish: build setup for python-exabgp-4.0.0-1.fc25.src.rpm
Start: rpmbuild python-exabgp-4.0.0-1.fc25.src.rpm
Finish: rpmbuild python-exabgp-4.0.0-1.fc25.src.rpm
Finish: build phase for python-exabgp-4.0.0-1.fc25.src.rpm
INFO: Done(/home/luke/repos/ExaBGP-Packaging/1452649-python-exabgp/srpm/python-exabgp-4.0.0-1.fc25.src.rpm) Config(default) 0 minutes 24 seconds
INFO: Results and/or logs in: /home/luke/repos/ExaBGP-Packaging/1452649-python-exabgp/results
Finish: run
